# JRE version: OpenJDK Runtime Environment (8.0_76-b03) (build 1.8.0_76-release-b03)
# Java VM: OpenJDK 64-Bit Server VM (25.76-b03 mixed mode linux-amd64 compressed oops)
Heap:
 PSYoungGen      total 851968K, used 24085K [0x0000000780000000, 0x00000007c0000000, 0x00000007c0000000)
  eden space 655360K, 0% used [0x0000000780000000,0x0000000780000000,0x00000007a8000000)
  from space 196608K, 12% used [0x00000007a8000000,0x00000007a9785690,0x00000007b4000000)
  to   space 196608K, 0% used [0x00000007b4000000,0x00000007b4000000,0x00000007c0000000)
 ParOldGen       total 872448K, used 872097K [0x0000000700000000, 0x0000000735400000, 0x0000000780000000)
  object space 872448K, 99% used [0x0000000700000000,0x00000007353a8748,0x0000000735400000)
 Metaspace       used 6407K, capacity 7280K, committed 7552K, reserved 1056768K
  class space    used 583K, capacity 616K, committed 640K, reserved 1048576K
GC Heap History (10 events):
Event: 50.710 GC heap after
Heap after GC invocations=22 (full 4):
 PSYoungGen      total 865280K, used 83411K [0x0000000780000000, 0x00000007bd580000, 0x00000007c0000000)
  eden space 735744K, 0% used [0x0000000780000000,0x0000000780000000,0x00000007ace80000)
  from space 129536K, 64% used [0x00000007b5080000,0x00000007ba1f4c48,0x00000007bcf00000)
  to   space 133120K, 0% used [0x00000007ace80000,0x00000007ace80000,0x00000007b5080000)
 ParOldGen       total 626176K, used 530503K [0x0000000700000000, 0x0000000726380000, 0x0000000780000000)
  object space 626176K, 84% used [0x0000000700000000,0x0000000720611c98,0x0000000726380000)
 Metaspace       used 6404K, capacity 7280K, committed 7552K, reserved 1056768K
  class space    used 583K, capacity 616K, committed 640K, reserved 1048576K
}
Event: 54.865 GC heap before
{Heap before GC invocations=23 (full 4):
 PSYoungGen      total 865280K, used 819155K [0x0000000780000000, 0x00000007bd580000, 0x00000007c0000000)
  eden space 735744K, 100% used [0x0000000780000000,0x00000007ace80000,0x00000007ace80000)
  from space 129536K, 64% used [0x00000007b5080000,0x00000007ba1f4c48,0x00000007bcf00000)
  to   space 133120K, 0% used [0x00000007ace80000,0x00000007ace80000,0x00000007b5080000)
 ParOldGen       total 626176K, used 530544K [0x0000000700000000, 0x0000000726380000, 0x0000000780000000)
  object space 626176K, 84% used [0x0000000700000000,0x000000072061c180,0x0000000726380000)
 Metaspace       used 6405K, capacity 7280K, committed 7552K, reserved 1056768K
  class space    used 583K, capacity 616K, committed 640K, reserved 1048576K
Event: 55.634 GC heap after
Heap after GC invocations=23 (full 4):
 PSYoungGen      total 868864K, used 108236K [0x0000000780000000, 0x00000007c0000000, 0x00000007c0000000)
  eden space 735744K, 0% used [0x0000000780000000,0x0000000780000000,0x00000007ace80000)
  from space 133120K, 81% used [0x00000007ace80000,0x00000007b3833188,0x00000007b5080000)
  to   space 144384K, 0% used [0x00000007b7300000,0x00000007b7300000,0x00000007c0000000)
 ParOldGen       total 626176K, used 612020K [0x0000000700000000, 0x0000000726380000, 0x0000000780000000)
  object space 626176K, 97% used [0x0000000700000000,0x00000007255ad198,0x0000000726380000)
 Metaspace       used 6405K, capacity 7280K, committed 7552K, reserved 1056768K
  class space    used 583K, capacity 616K, committed 640K, reserved 1048576K
}
Event: 55.803 GC heap before
{Heap before GC invocations=24 (full 5):
 PSYoungGen      total 868864K, used 108236K [0x0000000780000000, 0x00000007c0000000, 0x00000007c0000000)
  eden space 735744K, 0% used [0x0000000780000000,0x0000000780000000,0x00000007ace80000)
  from space 133120K, 81% used [0x00000007ace80000,0x00000007b3833188,0x00000007b5080000)
  to   space 144384K, 0% used [0x00000007b7300000,0x00000007b7300000,0x00000007c0000000)
 ParOldGen       total 626176K, used 612020K [0x0000000700000000, 0x0000000726380000, 0x0000000780000000)
  object space 626176K, 97% used [0x0000000700000000,0x00000007255ad198,0x0000000726380000)
 Metaspace       used 6405K, capacity 7280K, committed 7552K, reserved 1056768K
  class space    used 583K, capacity 616K, committed 640K, reserved 1048576K
Event: 62.022 GC heap after
Heap after GC invocations=24 (full 5):
 PSYoungGen      total 868864K, used 88910K [0x0000000780000000, 0x00000007c0000000, 0x00000007c0000000)
  eden space 735744K, 0% used [0x0000000780000000,0x0000000780000000,0x00000007ace80000)
  from space 133120K, 66% used [0x00000007ace80000,0x00000007b2553858,0x00000007b5080000)
  to   space 144384K, 0% used [0x00000007b7300000,0x00000007b7300000,0x00000007c0000000)
 ParOldGen       total 872448K, used 625817K [0x0000000700000000, 0x0000000735400000, 0x0000000780000000)
  object space 872448K, 71% used [0x0000000700000000,0x00000007263266d0,0x0000000735400000)
 Metaspace       used 6405K, capacity 7280K, committed 7552K, reserved 1056768K
  class space    used 583K, capacity 616K, committed 640K, reserved 1048576K
}
Event: 64.419 GC heap before
{Heap before GC invocations=25 (full 5):
 PSYoungGen      total 868864K, used 824654K [0x0000000780000000, 0x00000007c0000000, 0x00000007c0000000)
  eden space 735744K, 100% used [0x0000000780000000,0x00000007ace80000,0x00000007ace80000)
  from space 133120K, 66% used [0x00000007ace80000,0x00000007b2553858,0x00000007b5080000)
  to   space 144384K, 0% used [0x00000007b7300000,0x00000007b7300000,0x00000007c0000000)
 ParOldGen       total 872448K, used 625817K [0x0000000700000000, 0x0000000735400000, 0x0000000780000000)
  object space 872448K, 71% used [0x0000000700000000,0x00000007263266d0,0x0000000735400000)
 Metaspace       used 6405K, capacity 7280K, committed 7552K, reserved 1056768K
  class space    used 583K, capacity 616K, committed 640K, reserved 1048576K
Event: 69.600 GC heap after
Heap after GC invocations=25 (full 5):
 PSYoungGen      total 799744K, used 144367K [0x0000000780000000, 0x00000007c0000000, 0x00000007c0000000)
  eden space 655360K, 0% used [0x0000000780000000,0x0000000780000000,0x00000007a8000000)
  from space 144384K, 99% used [0x00000007b7300000,0x00000007bfffbe10,0x00000007c0000000)
  to   space 196608K, 0% used [0x00000007a8000000,0x00000007a8000000,0x00000007b4000000)
 ParOldGen       total 872448K, used 707029K [0x0000000700000000, 0x0000000735400000, 0x0000000780000000)
  object space 872448K, 81% used [0x0000000700000000,0x000000072b2754b0,0x0000000735400000)
 Metaspace       used 6405K, capacity 7280K, committed 7552K, reserved 1056768K
  class space    used 583K, capacity 616K, committed 640K, reserved 1048576K
}
Event: 71.399 GC heap before
{Heap before GC invocations=26 (full 5):
 PSYoungGen      total 799744K, used 799727K [0x0000000780000000, 0x00000007c0000000, 0x00000007c0000000)
  eden space 655360K, 100% used [0x0000000780000000,0x00000007a8000000,0x00000007a8000000)
  from space 144384K, 99% used [0x00000007b7300000,0x00000007bfffbe10,0x00000007c0000000)
  to   space 196608K, 0% used [0x00000007a8000000,0x00000007a8000000,0x00000007b4000000)
 ParOldGen       total 872448K, used 707029K [0x0000000700000000, 0x0000000735400000, 0x0000000780000000)
  object space 872448K, 81% used [0x0000000700000000,0x000000072b2754b0,0x0000000735400000)
 Metaspace       used 6407K, capacity 7280K, committed 7552K, reserved 1056768K
  class space    used 583K, capacity 616K, committed 640K, reserved 1048576K
Event: 91.813 GC heap after
Heap after GC invocations=26 (full 5):
 PSYoungGen      total 851968K, used 196597K [0x0000000780000000, 0x00000007c0000000, 0x00000007c0000000)
  eden space 655360K, 0% used [0x0000000780000000,0x0000000780000000,0x00000007a8000000)
  from space 196608K, 99% used [0x00000007a8000000,0x00000007b3ffd520,0x00000007b4000000)
  to   space 196608K, 0% used [0x00000007b4000000,0x00000007b4000000,0x00000007c0000000)
 ParOldGen       total 872448K, used 807874K [0x0000000700000000, 0x0000000735400000, 0x0000000780000000)
  object space 872448K, 92% used [0x0000000700000000,0x00000007314f0ae0,0x0000000735400000)
 Metaspace       used 6407K, capacity 7280K, committed 7552K, reserved 1056768K
  class space    used 583K, capacity 616K, committed 640K, reserved 1048576K
}
Event: 91.814 GC heap before
{Heap before GC invocations=27 (full 6):
 PSYoungGen      total 851968K, used 196597K [0x0000000780000000, 0x00000007c0000000, 0x00000007c0000000)
  eden space 655360K, 0% used [0x0000000780000000,0x0000000780000000,0x00000007a8000000)
  from space 196608K, 99% used [0x00000007a8000000,0x00000007b3ffd520,0x00000007b4000000)
  to   space 196608K, 0% used [0x00000007b4000000,0x00000007b4000000,0x00000007c0000000)
 ParOldGen       total 872448K, used 807874K [0x0000000700000000, 0x0000000735400000, 0x0000000780000000)
  object space 872448K, 92% used [0x0000000700000000,0x00000007314f0ae0,0x0000000735400000)
 Metaspace       used 6407K, capacity 7280K, committed 7552K, reserved 1056768K
  class space    used 583K, capacity 616K, committed 640K, reserved 1048576K

