# JRE version: OpenJDK Runtime Environment (8.0_76-b03) (build 1.8.0_76-release-b03)
# Java VM: OpenJDK 64-Bit Server VM (25.76-b03 mixed mode linux-amd64 compressed oops)
Heap:
 PSYoungGen      total 695296K, used 94421K [0x0000000780000000, 0x00000007c0000000, 0x00000007c0000000)
  eden space 484352K, 0% used [0x0000000780000000,0x0000000780000000,0x000000079d900000)
  from space 210944K, 44% used [0x00000007b3200000,0x00000007b8e355e8,0x00000007c0000000)
  to   space 282112K, 0% used [0x000000079d900000,0x000000079d900000,0x00000007aec80000)
 ParOldGen       total 855552K, used 855107K [0x0000000700000000, 0x0000000734380000, 0x0000000780000000)
  object space 855552K, 99% used [0x0000000700000000,0x0000000734310ff8,0x0000000734380000)
 Metaspace       used 6390K, capacity 7280K, committed 7552K, reserved 1056768K
  class space    used 583K, capacity 616K, committed 640K, reserved 1048576K
GC Heap History (10 events):
Event: 45.130 GC heap after
Heap after GC invocations=25 (full 4):
 PSYoungGen      total 708608K, used 166375K [0x0000000780000000, 0x00000007bde00000, 0x00000007c0000000)
  eden space 542208K, 0% used [0x0000000780000000,0x0000000780000000,0x00000007a1180000)
  from space 166400K, 99% used [0x00000007a1180000,0x00000007ab3f9c90,0x00000007ab400000)
  to   space 196608K, 0% used [0x00000007b1e00000,0x00000007b1e00000,0x00000007bde00000)
 ParOldGen       total 581120K, used 489639K [0x0000000700000000, 0x0000000723780000, 0x0000000780000000)
  object space 581120K, 84% used [0x0000000700000000,0x000000071de29d48,0x0000000723780000)
 Metaspace       used 6387K, capacity 7280K, committed 7552K, reserved 1056768K
  class space    used 582K, capacity 616K, committed 640K, reserved 1048576K
}
Event: 49.968 GC heap before
{Heap before GC invocations=26 (full 4):
 PSYoungGen      total 708608K, used 708583K [0x0000000780000000, 0x00000007bde00000, 0x00000007c0000000)
  eden space 542208K, 100% used [0x0000000780000000,0x00000007a1180000,0x00000007a1180000)
  from space 166400K, 99% used [0x00000007a1180000,0x00000007ab3f9c90,0x00000007ab400000)
  to   space 196608K, 0% used [0x00000007b1e00000,0x00000007b1e00000,0x00000007bde00000)
 ParOldGen       total 581120K, used 489639K [0x0000000700000000, 0x0000000723780000, 0x0000000780000000)
  object space 581120K, 84% used [0x0000000700000000,0x000000071de29d48,0x0000000723780000)
 Metaspace       used 6387K, capacity 7280K, committed 7552K, reserved 1056768K
  class space    used 582K, capacity 616K, committed 640K, reserved 1048576K
Event: 60.507 GC heap after
Heap after GC invocations=26 (full 4):
 PSYoungGen      total 790016K, used 181008K [0x0000000780000000, 0x00000007c0000000, 0x00000007c0000000)
  eden space 593408K, 0% used [0x0000000780000000,0x0000000780000000,0x00000007a4380000)
  from space 196608K, 92% used [0x00000007b1e00000,0x00000007bcec4170,0x00000007bde00000)
  to   space 223744K, 0% used [0x00000007a4380000,0x00000007a4380000,0x00000007b1e00000)
 ParOldGen       total 586240K, used 585848K [0x0000000700000000, 0x0000000723c80000, 0x0000000780000000)
  object space 586240K, 99% used [0x0000000700000000,0x0000000723c1e2e8,0x0000000723c80000)
 Metaspace       used 6387K, capacity 7280K, committed 7552K, reserved 1056768K
  class space    used 582K, capacity 616K, committed 640K, reserved 1048576K
}
Event: 60.525 GC heap before
{Heap before GC invocations=27 (full 5):
 PSYoungGen      total 790016K, used 181008K [0x0000000780000000, 0x00000007c0000000, 0x00000007c0000000)
  eden space 593408K, 0% used [0x0000000780000000,0x0000000780000000,0x00000007a4380000)
  from space 196608K, 92% used [0x00000007b1e00000,0x00000007bcec4170,0x00000007bde00000)
  to   space 223744K, 0% used [0x00000007a4380000,0x00000007a4380000,0x00000007b1e00000)
 ParOldGen       total 586240K, used 585848K [0x0000000700000000, 0x0000000723c80000, 0x0000000780000000)
  object space 586240K, 99% used [0x0000000700000000,0x0000000723c1e2e8,0x0000000723c80000)
 Metaspace       used 6387K, capacity 7280K, committed 7552K, reserved 1056768K
  class space    used 582K, capacity 616K, committed 640K, reserved 1048576K
Event: 65.755 GC heap after
Heap after GC invocations=27 (full 5):
 PSYoungGen      total 790016K, used 170853K [0x0000000780000000, 0x00000007c0000000, 0x00000007c0000000)
  eden space 593408K, 0% used [0x0000000780000000,0x0000000780000000,0x00000007a4380000)
  from space 196608K, 86% used [0x00000007b1e00000,0x00000007bc4d9778,0x00000007bde00000)
  to   space 223744K, 0% used [0x00000007a4380000,0x00000007a4380000,0x00000007b1e00000)
 ParOldGen       total 855552K, used 586134K [0x0000000700000000, 0x0000000734380000, 0x0000000780000000)
  object space 855552K, 68% used [0x0000000700000000,0x0000000723c65ab0,0x0000000734380000)
 Metaspace       used 6387K, capacity 7280K, committed 7552K, reserved 1056768K
  class space    used 582K, capacity 616K, committed 640K, reserved 1048576K
}
Event: 69.239 GC heap before
{Heap before GC invocations=28 (full 5):
 PSYoungGen      total 790016K, used 764261K [0x0000000780000000, 0x00000007c0000000, 0x00000007c0000000)
  eden space 593408K, 100% used [0x0000000780000000,0x00000007a4380000,0x00000007a4380000)
  from space 196608K, 86% used [0x00000007b1e00000,0x00000007bc4d9778,0x00000007bde00000)
  to   space 223744K, 0% used [0x00000007a4380000,0x00000007a4380000,0x00000007b1e00000)
 ParOldGen       total 855552K, used 586134K [0x0000000700000000, 0x0000000734380000, 0x0000000780000000)
  object space 855552K, 68% used [0x0000000700000000,0x0000000723c65ab0,0x0000000734380000)
 Metaspace       used 6387K, capacity 7280K, committed 7552K, reserved 1056768K
  class space    used 582K, capacity 616K, committed 640K, reserved 1048576K
Event: 70.688 GC heap after
Heap after GC invocations=28 (full 5):
 PSYoungGen      total 817152K, used 89076K [0x0000000780000000, 0x00000007c0000000, 0x00000007c0000000)
  eden space 593408K, 0% used [0x0000000780000000,0x0000000780000000,0x00000007a4380000)
  from space 223744K, 39% used [0x00000007a4380000,0x00000007a9a7d100,0x00000007b1e00000)
  to   space 210944K, 0% used [0x00000007b3200000,0x00000007b3200000,0x00000007c0000000)
 ParOldGen       total 855552K, used 650160K [0x0000000700000000, 0x0000000734380000, 0x0000000780000000)
  object space 855552K, 75% used [0x0000000700000000,0x0000000727aec290,0x0000000734380000)
 Metaspace       used 6387K, capacity 7280K, committed 7552K, reserved 1056768K
  class space    used 582K, capacity 616K, committed 640K, reserved 1048576K
}
Event: 73.848 GC heap before
{Heap before GC invocations=29 (full 5):
 PSYoungGen      total 817152K, used 682484K [0x0000000780000000, 0x00000007c0000000, 0x00000007c0000000)
  eden space 593408K, 100% used [0x0000000780000000,0x00000007a4380000,0x00000007a4380000)
  from space 223744K, 39% used [0x00000007a4380000,0x00000007a9a7d100,0x00000007b1e00000)
  to   space 210944K, 0% used [0x00000007b3200000,0x00000007b3200000,0x00000007c0000000)
 ParOldGen       total 855552K, used 650160K [0x0000000700000000, 0x0000000734380000, 0x0000000780000000)
  object space 855552K, 75% used [0x0000000700000000,0x0000000727aec290,0x0000000734380000)
 Metaspace       used 6390K, capacity 7280K, committed 7552K, reserved 1056768K
  class space    used 583K, capacity 616K, committed 640K, reserved 1048576K
Event: 104.397 GC heap after
Heap after GC invocations=29 (full 5):
 PSYoungGen      total 695296K, used 210933K [0x0000000780000000, 0x00000007c0000000, 0x00000007c0000000)
  eden space 484352K, 0% used [0x0000000780000000,0x0000000780000000,0x000000079d900000)
  from space 210944K, 99% used [0x00000007b3200000,0x00000007bfffd650,0x00000007c0000000)
  to   space 282112K, 0% used [0x000000079d900000,0x000000079d900000,0x00000007aec80000)
 ParOldGen       total 855552K, used 751245K [0x0000000700000000, 0x0000000734380000, 0x0000000780000000)
  object space 855552K, 87% used [0x0000000700000000,0x000000072dda36f8,0x0000000734380000)
 Metaspace       used 6390K, capacity 7280K, committed 7552K, reserved 1056768K
  class space    used 583K, capacity 616K, committed 640K, reserved 1048576K
}
Event: 104.596 GC heap before
{Heap before GC invocations=30 (full 6):
 PSYoungGen      total 695296K, used 210933K [0x0000000780000000, 0x00000007c0000000, 0x00000007c0000000)
  eden space 484352K, 0% used [0x0000000780000000,0x0000000780000000,0x000000079d900000)
  from space 210944K, 99% used [0x00000007b3200000,0x00000007bfffd650,0x00000007c0000000)
  to   space 282112K, 0% used [0x000000079d900000,0x000000079d900000,0x00000007aec80000)
 ParOldGen       total 855552K, used 751245K [0x0000000700000000, 0x0000000734380000, 0x0000000780000000)
  object space 855552K, 87% used [0x0000000700000000,0x000000072dda36f8,0x0000000734380000)
 Metaspace       used 6390K, capacity 7280K, committed 7552K, reserved 1056768K
  class space    used 583K, capacity 616K, committed 640K, reserved 1048576K

