# JRE version: OpenJDK Runtime Environment (8.0_76-b03) (build 1.8.0_76-release-b03)
# Java VM: OpenJDK 64-Bit Server VM (25.76-b03 mixed mode linux-amd64 compressed oops)
Heap:
 PSYoungGen      total 713216K, used 0K [0x0000000780000000, 0x00000007c0000000, 0x00000007c0000000)
  eden space 507904K, 0% used [0x0000000780000000,0x0000000780000000,0x000000079f000000)
  from space 205312K, 0% used [0x000000079f000000,0x000000079f000000,0x00000007ab880000)
  to   space 283648K, 0% used [0x00000007aeb00000,0x00000007aeb00000,0x00000007c0000000)
 ParOldGen       total 1400832K, used 1382998K [0x0000000700000000, 0x0000000755800000, 0x0000000780000000)
  object space 1400832K, 98% used [0x0000000700000000,0x0000000754695888,0x0000000755800000)
 Metaspace       used 6381K, capacity 7280K, committed 7552K, reserved 1056768K
  class space    used 584K, capacity 616K, committed 640K, reserved 1048576K
GC Heap History (10 events):
Event: 284.210 GC heap after
Heap after GC invocations=41 (full 7):
 PSYoungGen      total 776704K, used 129734K [0x0000000780000000, 0x00000007bf400000, 0x00000007c0000000)
  eden space 521728K, 0% used [0x0000000780000000,0x0000000780000000,0x000000079fd80000)
  from space 254976K, 50% used [0x000000079fd80000,0x00000007a7c31a90,0x00000007af680000)
  to   space 246784K, 0% used [0x00000007b0300000,0x00000007b0300000,0x00000007bf400000)
 ParOldGen       total 1272320K, used 1095379K [0x0000000700000000, 0x000000074da80000, 0x0000000780000000)
  object space 1272320K, 86% used [0x0000000700000000,0x0000000742db4c18,0x000000074da80000)
 Metaspace       used 6381K, capacity 7280K, committed 7552K, reserved 1056768K
  class space    used 584K, capacity 616K, committed 640K, reserved 1048576K
}
Event: 285.243 GC heap before
{Heap before GC invocations=42 (full 7):
 PSYoungGen      total 776704K, used 651462K [0x0000000780000000, 0x00000007bf400000, 0x00000007c0000000)
  eden space 521728K, 100% used [0x0000000780000000,0x000000079fd80000,0x000000079fd80000)
  from space 254976K, 50% used [0x000000079fd80000,0x00000007a7c31a90,0x00000007af680000)
  to   space 246784K, 0% used [0x00000007b0300000,0x00000007b0300000,0x00000007bf400000)
 ParOldGen       total 1272320K, used 1095379K [0x0000000700000000, 0x000000074da80000, 0x0000000780000000)
  object space 1272320K, 86% used [0x0000000700000000,0x0000000742db4c18,0x000000074da80000)
 Metaspace       used 6381K, capacity 7280K, committed 7552K, reserved 1056768K
  class space    used 584K, capacity 616K, committed 640K, reserved 1048576K
Event: 298.180 GC heap after
Heap after GC invocations=42 (full 7):
 PSYoungGen      total 783872K, used 165827K [0x0000000780000000, 0x00000007c0000000, 0x00000007c0000000)
  eden space 537088K, 0% used [0x0000000780000000,0x0000000780000000,0x00000007a0c80000)
  from space 246784K, 67% used [0x00000007b0300000,0x00000007ba4f0df0,0x00000007bf400000)
  to   space 252416K, 0% used [0x00000007a0c80000,0x00000007a0c80000,0x00000007b0300000)
 ParOldGen       total 1272320K, used 1144629K [0x0000000700000000, 0x000000074da80000, 0x0000000780000000)
  object space 1272320K, 89% used [0x0000000700000000,0x0000000745dcd678,0x000000074da80000)
 Metaspace       used 6381K, capacity 7280K, committed 7552K, reserved 1056768K
  class space    used 584K, capacity 616K, committed 640K, reserved 1048576K
}
Event: 299.081 GC heap before
{Heap before GC invocations=43 (full 7):
 PSYoungGen      total 783872K, used 702915K [0x0000000780000000, 0x00000007c0000000, 0x00000007c0000000)
  eden space 537088K, 100% used [0x0000000780000000,0x00000007a0c80000,0x00000007a0c80000)
  from space 246784K, 67% used [0x00000007b0300000,0x00000007ba4f0df0,0x00000007bf400000)
  to   space 252416K, 0% used [0x00000007a0c80000,0x00000007a0c80000,0x00000007b0300000)
 ParOldGen       total 1272320K, used 1144629K [0x0000000700000000, 0x000000074da80000, 0x0000000780000000)
  object space 1272320K, 89% used [0x0000000700000000,0x0000000745dcd678,0x000000074da80000)
 Metaspace       used 6381K, capacity 7280K, committed 7552K, reserved 1056768K
  class space    used 584K, capacity 616K, committed 640K, reserved 1048576K
Event: 301.329 GC heap after
Heap after GC invocations=43 (full 7):
 PSYoungGen      total 789504K, used 139107K [0x0000000780000000, 0x00000007bf880000, 0x00000007c0000000)
  eden space 537088K, 0% used [0x0000000780000000,0x0000000780000000,0x00000007a0c80000)
  from space 252416K, 55% used [0x00000007a0c80000,0x00000007a9458e88,0x00000007b0300000)
  to   space 245760K, 0% used [0x00000007b0880000,0x00000007b0880000,0x00000007bf880000)
 ParOldGen       total 1272320K, used 1152982K [0x0000000700000000, 0x000000074da80000, 0x0000000780000000)
  object space 1272320K, 90% used [0x0000000700000000,0x00000007465f5928,0x000000074da80000)
 Metaspace       used 6381K, capacity 7280K, committed 7552K, reserved 1056768K
  class space    used 584K, capacity 616K, committed 640K, reserved 1048576K
}
Event: 304.287 GC heap before
{Heap before GC invocations=44 (full 7):
 PSYoungGen      total 789504K, used 676195K [0x0000000780000000, 0x00000007bf880000, 0x00000007c0000000)
  eden space 537088K, 100% used [0x0000000780000000,0x00000007a0c80000,0x00000007a0c80000)
  from space 252416K, 55% used [0x00000007a0c80000,0x00000007a9458e88,0x00000007b0300000)
  to   space 245760K, 0% used [0x00000007b0880000,0x00000007b0880000,0x00000007bf880000)
 ParOldGen       total 1272320K, used 1152982K [0x0000000700000000, 0x000000074da80000, 0x0000000780000000)
  object space 1272320K, 90% used [0x0000000700000000,0x00000007465f5928,0x000000074da80000)
 Metaspace       used 6381K, capacity 7280K, committed 7552K, reserved 1056768K
  class space    used 584K, capacity 616K, committed 640K, reserved 1048576K
Event: 309.376 GC heap after
Heap after GC invocations=44 (full 7):
 PSYoungGen      total 753664K, used 221816K [0x0000000780000000, 0x00000007c0000000, 0x00000007c0000000)
  eden space 507904K, 0% used [0x0000000780000000,0x0000000780000000,0x000000079f000000)
  from space 245760K, 90% used [0x00000007b0880000,0x00000007be11e260,0x00000007bf880000)
  to   space 270336K, 0% used [0x000000079f000000,0x000000079f000000,0x00000007af800000)
 ParOldGen       total 1272320K, used 1176582K [0x0000000700000000, 0x000000074da80000, 0x0000000780000000)
  object space 1272320K, 92% used [0x0000000700000000,0x0000000747d018e8,0x000000074da80000)
 Metaspace       used 6381K, capacity 7280K, committed 7552K, reserved 1056768K
  class space    used 584K, capacity 616K, committed 640K, reserved 1048576K
}
Event: 310.107 GC heap before
{Heap before GC invocations=45 (full 7):
 PSYoungGen      total 753664K, used 729720K [0x0000000780000000, 0x00000007c0000000, 0x00000007c0000000)
  eden space 507904K, 100% used [0x0000000780000000,0x000000079f000000,0x000000079f000000)
  from space 245760K, 90% used [0x00000007b0880000,0x00000007be11e260,0x00000007bf880000)
  to   space 270336K, 0% used [0x000000079f000000,0x000000079f000000,0x00000007af800000)
 ParOldGen       total 1272320K, used 1176582K [0x0000000700000000, 0x000000074da80000, 0x0000000780000000)
  object space 1272320K, 92% used [0x0000000700000000,0x0000000747d018e8,0x000000074da80000)
 Metaspace       used 6381K, capacity 7280K, committed 7552K, reserved 1056768K
  class space    used 584K, capacity 616K, committed 640K, reserved 1048576K
Event: 361.641 GC heap after
Heap after GC invocations=45 (full 7):
 PSYoungGen      total 713216K, used 204990K [0x0000000780000000, 0x00000007c0000000, 0x00000007c0000000)
  eden space 507904K, 0% used [0x0000000780000000,0x0000000780000000,0x000000079f000000)
  from space 205312K, 99% used [0x000000079f000000,0x00000007ab82f958,0x00000007ab880000)
  to   space 283648K, 0% used [0x00000007aeb00000,0x00000007aeb00000,0x00000007c0000000)
 ParOldGen       total 1400832K, used 1399844K [0x0000000700000000, 0x0000000755800000, 0x0000000780000000)
  object space 1400832K, 99% used [0x0000000700000000,0x00000007557091f8,0x0000000755800000)
 Metaspace       used 6381K, capacity 7280K, committed 7552K, reserved 1056768K
  class space    used 584K, capacity 616K, committed 640K, reserved 1048576K
}
Event: 361.717 GC heap before
{Heap before GC invocations=46 (full 8):
 PSYoungGen      total 713216K, used 204990K [0x0000000780000000, 0x00000007c0000000, 0x00000007c0000000)
  eden space 507904K, 0% used [0x0000000780000000,0x0000000780000000,0x000000079f000000)
  from space 205312K, 99% used [0x000000079f000000,0x00000007ab82f958,0x00000007ab880000)
  to   space 283648K, 0% used [0x00000007aeb00000,0x00000007aeb00000,0x00000007c0000000)
 ParOldGen       total 1400832K, used 1399844K [0x0000000700000000, 0x0000000755800000, 0x0000000780000000)
  object space 1400832K, 99% used [0x0000000700000000,0x00000007557091f8,0x0000000755800000)
 Metaspace       used 6381K, capacity 7280K, committed 7552K, reserved 1056768K
  class space    used 584K, capacity 616K, committed 640K, reserved 1048576K

